timestamp: 2023-05-26T12:34:00.517831
CREATE TABLE "py4web_session"(
    "id" INTEGER PRIMARY KEY AUTOINCREMENT,
    "rkey" CHAR(512),
    "rvalue" TEXT,
    "expiration" INTEGER,
    "created_on" TIMESTAMP,
    "expires_on" TIMESTAMP
);
success!
timestamp: 2023-05-26T12:34:00.521500
CREATE TABLE "auth_user"(
    "id" INTEGER PRIMARY KEY AUTOINCREMENT,
    "email" CHAR(512) UNIQUE,
    "password" CHAR(512),
    "first_name" CHAR(512),
    "last_name" CHAR(512),
    "sso_id" CHAR(512),
    "action_token" CHAR(512),
    "last_password_change" TIMESTAMP,
    "past_passwords_hash" TEXT
);
success!
timestamp: 2023-05-26T12:34:00.523640
CREATE TABLE "auth_user_tag_groups"(
    "id" INTEGER PRIMARY KEY AUTOINCREMENT,
    "tagpath" CHAR(512),
    "record_id" INTEGER REFERENCES "auth_user" ("id") ON DELETE CASCADE ON UPDATE CASCADE  
);
success!
timestamp: 2023-05-26T13:13:16.385413
CREATE TABLE "user"(
    "id" INTEGER PRIMARY KEY AUTOINCREMENT,
    "username" CHAR(512),
    "password" CHAR(512),
    "firstname" CHAR(512),
    "lastname" CHAR(512),
    "category" CHAR(512),
    "carmake" CHAR(512),
    "carmodel" CHAR(512),
    "numseats" CHAR(512),
    "location" CHAR(512),
    "schedule" CHAR(512)
);
success!
timestamp: 2023-05-26T13:13:16.394249
CREATE TABLE "user_schedule"(
    "id" INTEGER PRIMARY KEY AUTOINCREMENT,
    "user_id" INTEGER REFERENCES "user" ("id") ON DELETE CASCADE ON UPDATE CASCADE  ,
    "day_of_week" CHAR(512),
    "available_time" CHAR(512)
);
success!
